Started at Sun Feb 27 17:21:34 UTC 2022
Processing Build FiveM
Offering Build FiveM to Project Build Discarder
Processing Deploy FiveM
Offering Deploy FiveM to Project Build Discarder
Processing Test script
Offering Test script to Project Build Discarder
Finished at Sun Feb 27 17:21:34 UTC 2022. 0ms
Started at Sun Feb 27 18:21:34 UTC 2022
Processing Build FiveM
Offering Build FiveM to Project Build Discarder
Processing Deploy FiveM
Offering Deploy FiveM to Project Build Discarder
Processing Test script
Offering Test script to Project Build Discarder
Finished at Sun Feb 27 18:21:34 UTC 2022. 0ms
Started at Sun Feb 27 19:21:34 UTC 2022
Processing Build FiveM
Offering Build FiveM to Project Build Discarder
Processing Deploy FiveM
Offering Deploy FiveM to Project Build Discarder
Processing Test script
Offering Test script to Project Build Discarder
Finished at Sun Feb 27 19:21:34 UTC 2022. 1ms
Started at Sun Feb 27 20:21:34 UTC 2022
Processing Build FiveM
Offering Build FiveM to Project Build Discarder
Processing Deploy FiveM
Offering Deploy FiveM to Project Build Discarder
Processing Test script
Offering Test script to Project Build Discarder
Finished at Sun Feb 27 20:21:34 UTC 2022. 1ms
Started at Sun Feb 27 21:21:34 UTC 2022
Processing Build FiveM
Offering Build FiveM to Project Build Discarder
Processing Deploy FiveM
Offering Deploy FiveM to Project Build Discarder
Processing Test script
Offering Test script to Project Build Discarder
Finished at Sun Feb 27 21:21:34 UTC 2022. 1ms
Started at Sun Feb 27 22:21:34 UTC 2022
Processing Build FiveM
Offering Build FiveM to Project Build Discarder
Processing Deploy FiveM
Offering Deploy FiveM to Project Build Discarder
Processing Test script
Offering Test script to Project Build Discarder
Finished at Sun Feb 27 22:21:34 UTC 2022. 1ms
Started at Sun Feb 27 23:21:34 UTC 2022
Processing Build FiveM
Offering Build FiveM to Project Build Discarder
Processing Deploy FiveM
Offering Deploy FiveM to Project Build Discarder
Processing Test script
Offering Test script to Project Build Discarder
Finished at Sun Feb 27 23:21:34 UTC 2022. 1ms
Started at Mon Feb 28 00:21:34 UTC 2022
Processing Build FiveM
Offering Build FiveM to Project Build Discarder
Processing Deploy FiveM
Offering Deploy FiveM to Project Build Discarder
Processing Test script
Offering Test script to Project Build Discarder
Finished at Mon Feb 28 00:21:34 UTC 2022. 0ms
